; ModuleID = 'Comma'
source_filename = "Comma"

@fmt = private unnamed_addr constant [4 x i8] c"%d\0A\00", align 1
@fmt.1 = private unnamed_addr constant [4 x i8] c"%g\0A\00", align 1
@fmt.2 = private unnamed_addr constant [4 x i8] c"%s\0A\00", align 1
@fmt.3 = private unnamed_addr constant [4 x i8] c"%d\0A\00", align 1
@fmt.4 = private unnamed_addr constant [4 x i8] c"%g\0A\00", align 1
@fmt.5 = private unnamed_addr constant [4 x i8] c"%s\0A\00", align 1
@fmt.6 = private unnamed_addr constant [4 x i8] c"%d\0A\00", align 1
@fmt.7 = private unnamed_addr constant [4 x i8] c"%g\0A\00", align 1
@fmt.8 = private unnamed_addr constant [4 x i8] c"%s\0A\00", align 1
@fmt.9 = private unnamed_addr constant [4 x i8] c"%d\0A\00", align 1
@fmt.10 = private unnamed_addr constant [4 x i8] c"%g\0A\00", align 1
@fmt.11 = private unnamed_addr constant [4 x i8] c"%s\0A\00", align 1
@fmt.12 = private unnamed_addr constant [4 x i8] c"%d\0A\00", align 1
@fmt.13 = private unnamed_addr constant [4 x i8] c"%g\0A\00", align 1
@fmt.14 = private unnamed_addr constant [4 x i8] c"%s\0A\00", align 1
@fmt.15 = private unnamed_addr constant [4 x i8] c"%d\0A\00", align 1
@fmt.16 = private unnamed_addr constant [4 x i8] c"%g\0A\00", align 1
@fmt.17 = private unnamed_addr constant [4 x i8] c"%s\0A\00", align 1
@fmt.18 = private unnamed_addr constant [4 x i8] c"%d\0A\00", align 1
@fmt.19 = private unnamed_addr constant [4 x i8] c"%g\0A\00", align 1
@fmt.20 = private unnamed_addr constant [4 x i8] c"%s\0A\00", align 1
@fmt.21 = private unnamed_addr constant [4 x i8] c"%d\0A\00", align 1
@fmt.22 = private unnamed_addr constant [4 x i8] c"%g\0A\00", align 1
@fmt.23 = private unnamed_addr constant [4 x i8] c"%s\0A\00", align 1
@fmt.24 = private unnamed_addr constant [4 x i8] c"%d\0A\00", align 1
@fmt.25 = private unnamed_addr constant [4 x i8] c"%g\0A\00", align 1
@fmt.26 = private unnamed_addr constant [4 x i8] c"%s\0A\00", align 1

declare i32 @printf(i8*, ...)

define i32 @main() {
entry:
  %b = alloca i8*, align 8
  %0 = zext i8 4 to i32
  %mallocsize = mul i32 %0, ptrtoint (i8* getelementptr (i8, i8* null, i32 1) to i32)
  %1 = tail call i8* @malloc(i32 %mallocsize)
  %2 = getelementptr i8, i8* %1, i32 0
  store i8 116, i8* %2, align 1
  %3 = getelementptr i8, i8* %1, i32 1
  store i8 101, i8* %3, align 1
  %4 = getelementptr i8, i8* %1, i32 2
  store i8 115, i8* %4, align 1
  %5 = getelementptr i8, i8* %1, i32 3
  store i8 116, i8* %5, align 1
  store i8* %1, i8** %b, align 8
  %a = alloca i8, align 1
  store i8 116, i8* %a, align 1
  %b1 = load i8*, i8** %b, align 8
  %printf = call i32 (i8*, ...) @printf(i8* getelementptr inbounds ([4 x i8], [4 x i8]* @fmt.20, i32 0, i32 0), i8* %b1)
  ret i32 0
}

declare noalias i8* @malloc(i32)
